[2021-03-09 10:26:05] flarum.ERROR: Error: Class 'Renderer_8bcefd196abf5f2933b1d10e235ea648819acfec' not found in /usr/share/nginx/html/wiki/vendor/s9e/text-formatter/src/Configurator/RendererGenerators/PHP.php:137
Stack trace:
#0 /usr/share/nginx/html/wiki/vendor/s9e/text-formatter/src/Configurator/Rendering.php(102): s9e\TextFormatter\Configurator\RendererGenerators\PHP->getRenderer()
#1 /usr/share/nginx/html/wiki/vendor/s9e/text-formatter/src/Configurator.php(243): s9e\TextFormatter\Configurator\Rendering->getRenderer()
#2 /usr/share/nginx/html/wiki/vendor/flarum/core/src/Formatter/Formatter.php(192): s9e\TextFormatter\Configurator->finalize()
#3 /usr/share/nginx/html/wiki/vendor/illuminate/cache/Repository.php(418): Flarum\Formatter\Formatter->Flarum\Formatter\{closure}()
#4 /usr/share/nginx/html/wiki/vendor/flarum/core/src/Formatter/Formatter.php(193): Illuminate\Cache\Repository->rememberForever()
#5 /usr/share/nginx/html/wiki/vendor/flarum/core/src/Formatter/Formatter.php(226): Flarum\Formatter\Formatter->getComponent()
#6 /usr/share/nginx/html/wiki/vendor/flarum/core/src/Formatter/Formatter.php(102): Flarum\Formatter\Formatter->getRenderer()
#7 /usr/share/nginx/html/wiki/vendor/flarum/core/src/Post/CommentPost.php(172): Flarum\Formatter\Formatter->render()
#8 /usr/share/nginx/html/wiki/vendor/flarum/core/src/Api/Serializer/BasicPostSerializer.php(44): Flarum\Post\CommentPost->formatContent()
#9 /usr/share/nginx/html/wiki/vendor/flarum/core/src/Api/Serializer/AbstractSerializer.php(95): Flarum\Api\Serializer\BasicPostSerializer->getDefaultAttributes()
#10 /usr/share/nginx/html/wiki/vendor/tobscure/json-api/src/Resource.php(169): Flarum\Api\Serializer\AbstractSerializer->getAttributes()
#11 /usr/share/nginx/html/wiki/vendor/tobscure/json-api/src/Resource.php(75): Tobscure\JsonApi\Resource->getAttributes()
#12 /usr/share/nginx/html/wiki/vendor/tobscure/json-api/src/Document.php(187): Tobscure\JsonApi\Resource->toArray()
#13 [internal function]: Tobscure\JsonApi\Document->Tobscure\JsonApi\{closure}()
#14 /usr/share/nginx/html/wiki/vendor/tobscure/json-api/src/Document.php(186): array_map()
#15 /usr/share/nginx/html/wiki/vendor/tobscure/json-api/src/Document.php(224): Tobscure\JsonApi\Document->toArray()
#16 /usr/share/nginx/html/wiki/vendor/flarum/core/src/Api/JsonApiResponse.php(27): Tobscure\JsonApi\Document->jsonSerialize()
#17 /usr/share/nginx/html/wiki/vendor/flarum/core/src/Api/Controller/AbstractSerializeController.php(139): Flarum\Api\JsonApiResponse->__construct()
#18 /usr/share/nginx/html/wiki/vendor/flarum/core/src/Api/Client.php(72): Flarum\Api\Controller\AbstractSerializeController->handle()
#19 /usr/share/nginx/html/wiki/vendor/flarum/core/src/Forum/Content/Index.php(117): Flarum\Api\Client->send()
#20 /usr/share/nginx/html/wiki/vendor/flarum/core/src/Forum/Content/Index.php(82): Flarum\Forum\Content\Index->getApiDocument()
#21 /usr/share/nginx/html/wiki/vendor/flarum/core/src/Frontend/Frontend.php(63): Flarum\Forum\Content\Index->__invoke()
#22 /usr/share/nginx/html/wiki/vendor/flarum/core/src/Frontend/Frontend.php(55): Flarum\Frontend\Frontend->populate()
#23 /usr/share/nginx/html/wiki/vendor/flarum/core/src/Frontend/Controller.php(32): Flarum\Frontend\Frontend->document()
#24 /usr/share/nginx/html/wiki/vendor/flarum/core/src/Http/RouteHandlerFactory.php(38): Flarum\Frontend\Controller->handle()
#25 /usr/share/nginx/html/wiki/vendor/flarum/core/src/Http/Middleware/ExecuteRoute.php(27): Flarum\Http\RouteHandlerFactory->Flarum\Http\{closure}()
#26 /usr/share/nginx/html/wiki/vendor/laminas/laminas-stratigility/src/Next.php(61): Flarum\Http\Middleware\ExecuteRoute->process()
#27 /usr/share/nginx/html/wiki/vendor/flarum/core/src/Http/Middleware/ShareErrorsFromSession.php(57): Laminas\Stratigility\Next->handle()
#28 /usr/share/nginx/html/wiki/vendor/laminas/laminas-stratigility/src/Next.php(61): Flarum\Http\Middleware\ShareErrorsFromSession->process()
#29 /usr/share/nginx/html/wiki/vendor/flarum/core/src/Http/Middleware/CheckCsrfToken.php(40): Laminas\Stratigility\Next->handle()
#30 /usr/share/nginx/html/wiki/vendor/laminas/laminas-stratigility/src/Next.php(61): Flarum\Http\Middleware\CheckCsrfToken->process()
#31 /usr/share/nginx/html/wiki/vendor/flarum/core/src/Http/Middleware/ResolveRoute.php(67): Laminas\Stratigility\Next->handle()
#32 /usr/share/nginx/html/wiki/vendor/laminas/laminas-stratigility/src/Next.php(61): Flarum\Http\Middleware\ResolveRoute->process()
#33 /usr/share/nginx/html/wiki/vendor/flarum/core/src/Http/Middleware/SetLocale.php(50): Laminas\Stratigility\Next->handle()
#34 /usr/share/nginx/html/wiki/vendor/laminas/laminas-stratigility/src/Next.php(61): Flarum\Http\Middleware\SetLocale->process()
#35 /usr/share/nginx/html/wiki/vendor/flarum/core/src/Http/Middleware/AuthenticateWithSession.php(32): Laminas\Stratigility\Next->handle()
#36 /usr/share/nginx/html/wiki/vendor/laminas/laminas-stratigility/src/Next.php(61): Flarum\Http\Middleware\AuthenticateWithSession->process()
#37 /usr/share/nginx/html/wiki/vendor/flarum/core/src/Http/Middleware/RememberFromCookie.php(51): Laminas\Stratigility\Next->handle()
#38 /usr/share/nginx/html/wiki/vendor/laminas/laminas-stratigility/src/Next.php(61): Flarum\Http\Middleware\RememberFromCookie->process()
#39 /usr/share/nginx/html/wiki/vendor/flarum/core/src/Http/Middleware/StartSession.php(61): Laminas\Stratigility\Next->handle()
#40 /usr/share/nginx/html/wiki/vendor/laminas/laminas-stratigility/src/Next.php(61): Flarum\Http\Middleware\StartSession->process()
#41 /usr/share/nginx/html/wiki/vendor/flarum/core/src/Http/Middleware/CollectGarbage.php(46): Laminas\Stratigility\Next->handle()
#42 /usr/share/nginx/html/wiki/vendor/laminas/laminas-stratigility/src/Next.php(61): Flarum\Http\Middleware\CollectGarbage->process()
#43 /usr/share/nginx/html/wiki/vendor/flarum/core/src/Http/Middleware/ParseJsonBody.php(28): Laminas\Stratigility\Next->handle()
#44 /usr/share/nginx/html/wiki/vendor/laminas/laminas-stratigility/src/Next.php(61): Flarum\Http\Middleware\ParseJsonBody->process()
#45 /usr/share/nginx/html/wiki/vendor/flarum/core/src/Http/Middleware/HandleErrors.php(57): Laminas\Stratigility\Next->handle()
#46 /usr/share/nginx/html/wiki/vendor/laminas/laminas-stratigility/src/Next.php(61): Flarum\Http\Middleware\HandleErrors->process()
#47 /usr/share/nginx/html/wiki/vendor/laminas/laminas-stratigility/src/MiddlewarePipe.php(84): Laminas\Stratigility\Next->handle()
#48 /usr/share/nginx/html/wiki/vendor/middlewares/request-handler/src/RequestHandler.php(84): Laminas\Stratigility\MiddlewarePipe->process()
#49 /usr/share/nginx/html/wiki/vendor/laminas/laminas-stratigility/src/Next.php(61): Middlewares\RequestHandler->process()
#50 /usr/share/nginx/html/wiki/vendor/middlewares/base-path-router/src/BasePathRouter.php(97): Laminas\Stratigility\Next->handle()
#51 /usr/share/nginx/html/wiki/vendor/laminas/laminas-stratigility/src/Next.php(61): Middlewares\BasePathRouter->process()
#52 /usr/share/nginx/html/wiki/vendor/laminas/laminas-stratigility/src/Middleware/OriginalMessages.php(42): Laminas\Stratigility\Next->handle()
#53 /usr/share/nginx/html/wiki/vendor/laminas/laminas-stratigility/src/Next.php(61): Laminas\Stratigility\Middleware\OriginalMessages->process()
#54 /usr/share/nginx/html/wiki/vendor/middlewares/base-path/src/BasePath.php(53): Laminas\Stratigility\Next->handle()
#55 /usr/share/nginx/html/wiki/vendor/laminas/laminas-stratigility/src/Next.php(61): Middlewares\BasePath->process()
#56 /usr/share/nginx/html/wiki/vendor/laminas/laminas-stratigility/src/MiddlewarePipe.php(84): Laminas\Stratigility\Next->handle()
#57 /usr/share/nginx/html/wiki/vendor/laminas/laminas-stratigility/src/MiddlewarePipe.php(73): Laminas\Stratigility\MiddlewarePipe->process()
#58 /usr/share/nginx/html/wiki/vendor/laminas/laminas-httphandlerrunner/src/RequestHandlerRunner.php(96): Laminas\Stratigility\MiddlewarePipe->handle()
#59 /usr/share/nginx/html/wiki/vendor/flarum/core/src/Http/Server.php(42): Laminas\HttpHandlerRunner\RequestHandlerRunner->run()
#60 /usr/share/nginx/html/wiki/public/index.php(26): Flarum\Http\Server->listen()
#61 {main}  
[2021-03-09 10:27:15] flarum.ERROR: Error: Class 'Renderer_8bcefd196abf5f2933b1d10e235ea648819acfec' not found in /usr/share/nginx/html/wiki/vendor/s9e/text-formatter/src/Configurator/RendererGenerators/PHP.php:137
Stack trace:
#0 /usr/share/nginx/html/wiki/vendor/s9e/text-formatter/src/Configurator/Rendering.php(102): s9e\TextFormatter\Configurator\RendererGenerators\PHP->getRenderer()
#1 /usr/share/nginx/html/wiki/vendor/s9e/text-formatter/src/Configurator.php(243): s9e\TextFormatter\Configurator\Rendering->getRenderer()
#2 /usr/share/nginx/html/wiki/vendor/flarum/core/src/Formatter/Formatter.php(192): s9e\TextFormatter\Configurator->finalize()
#3 /usr/share/nginx/html/wiki/vendor/illuminate/cache/Repository.php(418): Flarum\Formatter\Formatter->Flarum\Formatter\{closure}()
#4 /usr/share/nginx/html/wiki/vendor/flarum/core/src/Formatter/Formatter.php(193): Illuminate\Cache\Repository->rememberForever()
#5 /usr/share/nginx/html/wiki/vendor/flarum/core/src/Formatter/Formatter.php(226): Flarum\Formatter\Formatter->getComponent()
#6 /usr/share/nginx/html/wiki/vendor/flarum/core/src/Formatter/Formatter.php(102): Flarum\Formatter\Formatter->getRenderer()
#7 /usr/share/nginx/html/wiki/vendor/flarum/core/src/Post/CommentPost.php(172): Flarum\Formatter\Formatter->render()
#8 /usr/share/nginx/html/wiki/vendor/flarum/core/src/Api/Serializer/BasicPostSerializer.php(44): Flarum\Post\CommentPost->formatContent()
#9 /usr/share/nginx/html/wiki/vendor/flarum/core/src/Api/Serializer/AbstractSerializer.php(95): Flarum\Api\Serializer\BasicPostSerializer->getDefaultAttributes()
#10 /usr/share/nginx/html/wiki/vendor/tobscure/json-api/src/Resource.php(169): Flarum\Api\Serializer\AbstractSerializer->getAttributes()
#11 /usr/share/nginx/html/wiki/vendor/tobscure/json-api/src/Resource.php(75): Tobscure\JsonApi\Resource->getAttributes()
#12 /usr/share/nginx/html/wiki/vendor/tobscure/json-api/src/Document.php(187): Tobscure\JsonApi\Resource->toArray()
#13 [internal function]: Tobscure\JsonApi\Document->Tobscure\JsonApi\{closure}()
#14 /usr/share/nginx/html/wiki/vendor/tobscure/json-api/src/Document.php(186): array_map()
#15 /usr/share/nginx/html/wiki/vendor/tobscure/json-api/src/Document.php(224): Tobscure\JsonApi\Document->toArray()
#16 /usr/share/nginx/html/wiki/vendor/flarum/core/src/Api/JsonApiResponse.php(27): Tobscure\JsonApi\Document->jsonSerialize()
#17 /usr/share/nginx/html/wiki/vendor/flarum/core/src/Api/Controller/AbstractSerializeController.php(139): Flarum\Api\JsonApiResponse->__construct()
#18 /usr/share/nginx/html/wiki/vendor/flarum/core/src/Api/Client.php(72): Flarum\Api\Controller\AbstractSerializeController->handle()
#19 /usr/share/nginx/html/wiki/vendor/flarum/core/src/Forum/Content/Index.php(117): Flarum\Api\Client->send()
#20 /usr/share/nginx/html/wiki/vendor/flarum/core/src/Forum/Content/Index.php(82): Flarum\Forum\Content\Index->getApiDocument()
#21 /usr/share/nginx/html/wiki/vendor/flarum/core/src/Frontend/Frontend.php(63): Flarum\Forum\Content\Index->__invoke()
#22 /usr/share/nginx/html/wiki/vendor/flarum/core/src/Frontend/Frontend.php(55): Flarum\Frontend\Frontend->populate()
#23 /usr/share/nginx/html/wiki/vendor/flarum/core/src/Frontend/Controller.php(32): Flarum\Frontend\Frontend->document()
#24 /usr/share/nginx/html/wiki/vendor/flarum/core/src/Http/RouteHandlerFactory.php(38): Flarum\Frontend\Controller->handle()
#25 /usr/share/nginx/html/wiki/vendor/flarum/core/src/Http/Middleware/ExecuteRoute.php(27): Flarum\Http\RouteHandlerFactory->Flarum\Http\{closure}()
#26 /usr/share/nginx/html/wiki/vendor/laminas/laminas-stratigility/src/Next.php(61): Flarum\Http\Middleware\ExecuteRoute->process()
#27 /usr/share/nginx/html/wiki/vendor/flarum/core/src/Http/Middleware/ShareErrorsFromSession.php(57): Laminas\Stratigility\Next->handle()
#28 /usr/share/nginx/html/wiki/vendor/laminas/laminas-stratigility/src/Next.php(61): Flarum\Http\Middleware\ShareErrorsFromSession->process()
#29 /usr/share/nginx/html/wiki/vendor/flarum/core/src/Http/Middleware/CheckCsrfToken.php(40): Laminas\Stratigility\Next->handle()
#30 /usr/share/nginx/html/wiki/vendor/laminas/laminas-stratigility/src/Next.php(61): Flarum\Http\Middleware\CheckCsrfToken->process()
#31 /usr/share/nginx/html/wiki/vendor/flarum/core/src/Http/Middleware/ResolveRoute.php(67): Laminas\Stratigility\Next->handle()
#32 /usr/share/nginx/html/wiki/vendor/laminas/laminas-stratigility/src/Next.php(61): Flarum\Http\Middleware\ResolveRoute->process()
#33 /usr/share/nginx/html/wiki/vendor/flarum/core/src/Http/Middleware/SetLocale.php(50): Laminas\Stratigility\Next->handle()
#34 /usr/share/nginx/html/wiki/vendor/laminas/laminas-stratigility/src/Next.php(61): Flarum\Http\Middleware\SetLocale->process()
#35 /usr/share/nginx/html/wiki/vendor/flarum/core/src/Http/Middleware/AuthenticateWithSession.php(32): Laminas\Stratigility\Next->handle()
#36 /usr/share/nginx/html/wiki/vendor/laminas/laminas-stratigility/src/Next.php(61): Flarum\Http\Middleware\AuthenticateWithSession->process()
#37 /usr/share/nginx/html/wiki/vendor/flarum/core/src/Http/Middleware/RememberFromCookie.php(51): Laminas\Stratigility\Next->handle()
#38 /usr/share/nginx/html/wiki/vendor/laminas/laminas-stratigility/src/Next.php(61): Flarum\Http\Middleware\RememberFromCookie->process()
#39 /usr/share/nginx/html/wiki/vendor/flarum/core/src/Http/Middleware/StartSession.php(61): Laminas\Stratigility\Next->handle()
#40 /usr/share/nginx/html/wiki/vendor/laminas/laminas-stratigility/src/Next.php(61): Flarum\Http\Middleware\StartSession->process()
#41 /usr/share/nginx/html/wiki/vendor/flarum/core/src/Http/Middleware/CollectGarbage.php(46): Laminas\Stratigility\Next->handle()
#42 /usr/share/nginx/html/wiki/vendor/laminas/laminas-stratigility/src/Next.php(61): Flarum\Http\Middleware\CollectGarbage->process()
#43 /usr/share/nginx/html/wiki/vendor/flarum/core/src/Http/Middleware/ParseJsonBody.php(28): Laminas\Stratigility\Next->handle()
#44 /usr/share/nginx/html/wiki/vendor/laminas/laminas-stratigility/src/Next.php(61): Flarum\Http\Middleware\ParseJsonBody->process()
#45 /usr/share/nginx/html/wiki/vendor/flarum/core/src/Http/Middleware/HandleErrors.php(57): Laminas\Stratigility\Next->handle()
#46 /usr/share/nginx/html/wiki/vendor/laminas/laminas-stratigility/src/Next.php(61): Flarum\Http\Middleware\HandleErrors->process()
#47 /usr/share/nginx/html/wiki/vendor/laminas/laminas-stratigility/src/MiddlewarePipe.php(84): Laminas\Stratigility\Next->handle()
#48 /usr/share/nginx/html/wiki/vendor/middlewares/request-handler/src/RequestHandler.php(84): Laminas\Stratigility\MiddlewarePipe->process()
#49 /usr/share/nginx/html/wiki/vendor/laminas/laminas-stratigility/src/Next.php(61): Middlewares\RequestHandler->process()
#50 /usr/share/nginx/html/wiki/vendor/middlewares/base-path-router/src/BasePathRouter.php(97): Laminas\Stratigility\Next->handle()
#51 /usr/share/nginx/html/wiki/vendor/laminas/laminas-stratigility/src/Next.php(61): Middlewares\BasePathRouter->process()
#52 /usr/share/nginx/html/wiki/vendor/laminas/laminas-stratigility/src/Middleware/OriginalMessages.php(42): Laminas\Stratigility\Next->handle()
#53 /usr/share/nginx/html/wiki/vendor/laminas/laminas-stratigility/src/Next.php(61): Laminas\Stratigility\Middleware\OriginalMessages->process()
#54 /usr/share/nginx/html/wiki/vendor/middlewares/base-path/src/BasePath.php(53): Laminas\Stratigility\Next->handle()
#55 /usr/share/nginx/html/wiki/vendor/laminas/laminas-stratigility/src/Next.php(61): Middlewares\BasePath->process()
#56 /usr/share/nginx/html/wiki/vendor/laminas/laminas-stratigility/src/MiddlewarePipe.php(84): Laminas\Stratigility\Next->handle()
#57 /usr/share/nginx/html/wiki/vendor/laminas/laminas-stratigility/src/MiddlewarePipe.php(73): Laminas\Stratigility\MiddlewarePipe->process()
#58 /usr/share/nginx/html/wiki/vendor/laminas/laminas-httphandlerrunner/src/RequestHandlerRunner.php(96): Laminas\Stratigility\MiddlewarePipe->handle()
#59 /usr/share/nginx/html/wiki/vendor/flarum/core/src/Http/Server.php(42): Laminas\HttpHandlerRunner\RequestHandlerRunner->run()
#60 /usr/share/nginx/html/wiki/public/index.php(26): Flarum\Http\Server->listen()
#61 {main}  
[2021-03-09 10:27:16] flarum.ERROR: Error: Class 'Renderer_8bcefd196abf5f2933b1d10e235ea648819acfec' not found in /usr/share/nginx/html/wiki/vendor/s9e/text-formatter/src/Configurator/RendererGenerators/PHP.php:137
Stack trace:
#0 /usr/share/nginx/html/wiki/vendor/s9e/text-formatter/src/Configurator/Rendering.php(102): s9e\TextFormatter\Configurator\RendererGenerators\PHP->getRenderer()
#1 /usr/share/nginx/html/wiki/vendor/s9e/text-formatter/src/Configurator.php(243): s9e\TextFormatter\Configurator\Rendering->getRenderer()
#2 /usr/share/nginx/html/wiki/vendor/flarum/core/src/Formatter/Formatter.php(192): s9e\TextFormatter\Configurator->finalize()
#3 /usr/share/nginx/html/wiki/vendor/illuminate/cache/Repository.php(418): Flarum\Formatter\Formatter->Flarum\Formatter\{closure}()
#4 /usr/share/nginx/html/wiki/vendor/flarum/core/src/Formatter/Formatter.php(193): Illuminate\Cache\Repository->rememberForever()
#5 /usr/share/nginx/html/wiki/vendor/flarum/core/src/Formatter/Formatter.php(226): Flarum\Formatter\Formatter->getComponent()
#6 /usr/share/nginx/html/wiki/vendor/flarum/core/src/Formatter/Formatter.php(102): Flarum\Formatter\Formatter->getRenderer()
#7 /usr/share/nginx/html/wiki/vendor/flarum/core/src/Post/CommentPost.php(172): Flarum\Formatter\Formatter->render()
#8 /usr/share/nginx/html/wiki/vendor/flarum/core/src/Api/Serializer/BasicPostSerializer.php(44): Flarum\Post\CommentPost->formatContent()
#9 /usr/share/nginx/html/wiki/vendor/flarum/core/src/Api/Serializer/AbstractSerializer.php(95): Flarum\Api\Serializer\BasicPostSerializer->getDefaultAttributes()
#10 /usr/share/nginx/html/wiki/vendor/tobscure/json-api/src/Resource.php(169): Flarum\Api\Serializer\AbstractSerializer->getAttributes()
#11 /usr/share/nginx/html/wiki/vendor/tobscure/json-api/src/Resource.php(75): Tobscure\JsonApi\Resource->getAttributes()
#12 /usr/share/nginx/html/wiki/vendor/tobscure/json-api/src/Document.php(187): Tobscure\JsonApi\Resource->toArray()
#13 [internal function]: Tobscure\JsonApi\Document->Tobscure\JsonApi\{closure}()
#14 /usr/share/nginx/html/wiki/vendor/tobscure/json-api/src/Document.php(186): array_map()
#15 /usr/share/nginx/html/wiki/vendor/tobscure/json-api/src/Document.php(224): Tobscure\JsonApi\Document->toArray()
#16 /usr/share/nginx/html/wiki/vendor/flarum/core/src/Api/JsonApiResponse.php(27): Tobscure\JsonApi\Document->jsonSerialize()
#17 /usr/share/nginx/html/wiki/vendor/flarum/core/src/Api/Controller/AbstractSerializeController.php(139): Flarum\Api\JsonApiResponse->__construct()
#18 /usr/share/nginx/html/wiki/vendor/flarum/core/src/Api/Client.php(72): Flarum\Api\Controller\AbstractSerializeController->handle()
#19 /usr/share/nginx/html/wiki/vendor/flarum/core/src/Forum/Content/Index.php(117): Flarum\Api\Client->send()
#20 /usr/share/nginx/html/wiki/vendor/flarum/core/src/Forum/Content/Index.php(82): Flarum\Forum\Content\Index->getApiDocument()
#21 /usr/share/nginx/html/wiki/vendor/flarum/core/src/Frontend/Frontend.php(63): Flarum\Forum\Content\Index->__invoke()
#22 /usr/share/nginx/html/wiki/vendor/flarum/core/src/Frontend/Frontend.php(55): Flarum\Frontend\Frontend->populate()
#23 /usr/share/nginx/html/wiki/vendor/flarum/core/src/Frontend/Controller.php(32): Flarum\Frontend\Frontend->document()
#24 /usr/share/nginx/html/wiki/vendor/flarum/core/src/Http/RouteHandlerFactory.php(38): Flarum\Frontend\Controller->handle()
#25 /usr/share/nginx/html/wiki/vendor/flarum/core/src/Http/Middleware/ExecuteRoute.php(27): Flarum\Http\RouteHandlerFactory->Flarum\Http\{closure}()
#26 /usr/share/nginx/html/wiki/vendor/laminas/laminas-stratigility/src/Next.php(61): Flarum\Http\Middleware\ExecuteRoute->process()
#27 /usr/share/nginx/html/wiki/vendor/flarum/core/src/Http/Middleware/ShareErrorsFromSession.php(57): Laminas\Stratigility\Next->handle()
#28 /usr/share/nginx/html/wiki/vendor/laminas/laminas-stratigility/src/Next.php(61): Flarum\Http\Middleware\ShareErrorsFromSession->process()
#29 /usr/share/nginx/html/wiki/vendor/flarum/core/src/Http/Middleware/CheckCsrfToken.php(40): Laminas\Stratigility\Next->handle()
#30 /usr/share/nginx/html/wiki/vendor/laminas/laminas-stratigility/src/Next.php(61): Flarum\Http\Middleware\CheckCsrfToken->process()
#31 /usr/share/nginx/html/wiki/vendor/flarum/core/src/Http/Middleware/ResolveRoute.php(67): Laminas\Stratigility\Next->handle()
#32 /usr/share/nginx/html/wiki/vendor/laminas/laminas-stratigility/src/Next.php(61): Flarum\Http\Middleware\ResolveRoute->process()
#33 /usr/share/nginx/html/wiki/vendor/flarum/core/src/Http/Middleware/SetLocale.php(50): Laminas\Stratigility\Next->handle()
#34 /usr/share/nginx/html/wiki/vendor/laminas/laminas-stratigility/src/Next.php(61): Flarum\Http\Middleware\SetLocale->process()
#35 /usr/share/nginx/html/wiki/vendor/flarum/core/src/Http/Middleware/AuthenticateWithSession.php(32): Laminas\Stratigility\Next->handle()
#36 /usr/share/nginx/html/wiki/vendor/laminas/laminas-stratigility/src/Next.php(61): Flarum\Http\Middleware\AuthenticateWithSession->process()
#37 /usr/share/nginx/html/wiki/vendor/flarum/core/src/Http/Middleware/RememberFromCookie.php(51): Laminas\Stratigility\Next->handle()
#38 /usr/share/nginx/html/wiki/vendor/laminas/laminas-stratigility/src/Next.php(61): Flarum\Http\Middleware\RememberFromCookie->process()
#39 /usr/share/nginx/html/wiki/vendor/flarum/core/src/Http/Middleware/StartSession.php(61): Laminas\Stratigility\Next->handle()
#40 /usr/share/nginx/html/wiki/vendor/laminas/laminas-stratigility/src/Next.php(61): Flarum\Http\Middleware\StartSession->process()
#41 /usr/share/nginx/html/wiki/vendor/flarum/core/src/Http/Middleware/CollectGarbage.php(46): Laminas\Stratigility\Next->handle()
#42 /usr/share/nginx/html/wiki/vendor/laminas/laminas-stratigility/src/Next.php(61): Flarum\Http\Middleware\CollectGarbage->process()
#43 /usr/share/nginx/html/wiki/vendor/flarum/core/src/Http/Middleware/ParseJsonBody.php(28): Laminas\Stratigility\Next->handle()
#44 /usr/share/nginx/html/wiki/vendor/laminas/laminas-stratigility/src/Next.php(61): Flarum\Http\Middleware\ParseJsonBody->process()
#45 /usr/share/nginx/html/wiki/vendor/flarum/core/src/Http/Middleware/HandleErrors.php(57): Laminas\Stratigility\Next->handle()
#46 /usr/share/nginx/html/wiki/vendor/laminas/laminas-stratigility/src/Next.php(61): Flarum\Http\Middleware\HandleErrors->process()
#47 /usr/share/nginx/html/wiki/vendor/laminas/laminas-stratigility/src/MiddlewarePipe.php(84): Laminas\Stratigility\Next->handle()
#48 /usr/share/nginx/html/wiki/vendor/middlewares/request-handler/src/RequestHandler.php(84): Laminas\Stratigility\MiddlewarePipe->process()
#49 /usr/share/nginx/html/wiki/vendor/laminas/laminas-stratigility/src/Next.php(61): Middlewares\RequestHandler->process()
#50 /usr/share/nginx/html/wiki/vendor/middlewares/base-path-router/src/BasePathRouter.php(97): Laminas\Stratigility\Next->handle()
#51 /usr/share/nginx/html/wiki/vendor/laminas/laminas-stratigility/src/Next.php(61): Middlewares\BasePathRouter->process()
#52 /usr/share/nginx/html/wiki/vendor/laminas/laminas-stratigility/src/Middleware/OriginalMessages.php(42): Laminas\Stratigility\Next->handle()
#53 /usr/share/nginx/html/wiki/vendor/laminas/laminas-stratigility/src/Next.php(61): Laminas\Stratigility\Middleware\OriginalMessages->process()
#54 /usr/share/nginx/html/wiki/vendor/middlewares/base-path/src/BasePath.php(53): Laminas\Stratigility\Next->handle()
#55 /usr/share/nginx/html/wiki/vendor/laminas/laminas-stratigility/src/Next.php(61): Middlewares\BasePath->process()
#56 /usr/share/nginx/html/wiki/vendor/laminas/laminas-stratigility/src/MiddlewarePipe.php(84): Laminas\Stratigility\Next->handle()
#57 /usr/share/nginx/html/wiki/vendor/laminas/laminas-stratigility/src/MiddlewarePipe.php(73): Laminas\Stratigility\MiddlewarePipe->process()
#58 /usr/share/nginx/html/wiki/vendor/laminas/laminas-httphandlerrunner/src/RequestHandlerRunner.php(96): Laminas\Stratigility\MiddlewarePipe->handle()
#59 /usr/share/nginx/html/wiki/vendor/flarum/core/src/Http/Server.php(42): Laminas\HttpHandlerRunner\RequestHandlerRunner->run()
#60 /usr/share/nginx/html/wiki/public/index.php(26): Flarum\Http\Server->listen()
#61 {main}  
[2021-03-09 10:30:49] flarum.ERROR: Error: Class 'Renderer_8bcefd196abf5f2933b1d10e235ea648819acfec' not found in /usr/share/nginx/html/wiki/vendor/s9e/text-formatter/src/Configurator/RendererGenerators/PHP.php:137
Stack trace:
#0 /usr/share/nginx/html/wiki/vendor/s9e/text-formatter/src/Configurator/Rendering.php(102): s9e\TextFormatter\Configurator\RendererGenerators\PHP->getRenderer()
#1 /usr/share/nginx/html/wiki/vendor/s9e/text-formatter/src/Configurator.php(243): s9e\TextFormatter\Configurator\Rendering->getRenderer()
#2 /usr/share/nginx/html/wiki/vendor/flarum/core/src/Formatter/Formatter.php(192): s9e\TextFormatter\Configurator->finalize()
#3 /usr/share/nginx/html/wiki/vendor/illuminate/cache/Repository.php(418): Flarum\Formatter\Formatter->Flarum\Formatter\{closure}()
#4 /usr/share/nginx/html/wiki/vendor/flarum/core/src/Formatter/Formatter.php(193): Illuminate\Cache\Repository->rememberForever()
#5 /usr/share/nginx/html/wiki/vendor/flarum/core/src/Formatter/Formatter.php(226): Flarum\Formatter\Formatter->getComponent()
#6 /usr/share/nginx/html/wiki/vendor/flarum/core/src/Formatter/Formatter.php(102): Flarum\Formatter\Formatter->getRenderer()
#7 /usr/share/nginx/html/wiki/vendor/flarum/core/src/Post/CommentPost.php(172): Flarum\Formatter\Formatter->render()
#8 /usr/share/nginx/html/wiki/vendor/flarum/core/src/Api/Serializer/BasicPostSerializer.php(44): Flarum\Post\CommentPost->formatContent()
#9 /usr/share/nginx/html/wiki/vendor/flarum/core/src/Api/Serializer/AbstractSerializer.php(95): Flarum\Api\Serializer\BasicPostSerializer->getDefaultAttributes()
#10 /usr/share/nginx/html/wiki/vendor/tobscure/json-api/src/Resource.php(169): Flarum\Api\Serializer\AbstractSerializer->getAttributes()
#11 /usr/share/nginx/html/wiki/vendor/tobscure/json-api/src/Resource.php(75): Tobscure\JsonApi\Resource->getAttributes()
#12 /usr/share/nginx/html/wiki/vendor/tobscure/json-api/src/Document.php(187): Tobscure\JsonApi\Resource->toArray()
#13 [internal function]: Tobscure\JsonApi\Document->Tobscure\JsonApi\{closure}()
#14 /usr/share/nginx/html/wiki/vendor/tobscure/json-api/src/Document.php(186): array_map()
#15 /usr/share/nginx/html/wiki/vendor/tobscure/json-api/src/Document.php(224): Tobscure\JsonApi\Document->toArray()
#16 /usr/share/nginx/html/wiki/vendor/flarum/core/src/Api/JsonApiResponse.php(27): Tobscure\JsonApi\Document->jsonSerialize()
#17 /usr/share/nginx/html/wiki/vendor/flarum/core/src/Api/Controller/AbstractSerializeController.php(139): Flarum\Api\JsonApiResponse->__construct()
#18 /usr/share/nginx/html/wiki/vendor/flarum/core/src/Api/Client.php(72): Flarum\Api\Controller\AbstractSerializeController->handle()
#19 /usr/share/nginx/html/wiki/vendor/flarum/core/src/Forum/Content/Index.php(117): Flarum\Api\Client->send()
#20 /usr/share/nginx/html/wiki/vendor/flarum/core/src/Forum/Content/Index.php(82): Flarum\Forum\Content\Index->getApiDocument()
#21 /usr/share/nginx/html/wiki/vendor/flarum/core/src/Frontend/Frontend.php(63): Flarum\Forum\Content\Index->__invoke()
#22 /usr/share/nginx/html/wiki/vendor/flarum/core/src/Frontend/Frontend.php(55): Flarum\Frontend\Frontend->populate()
#23 /usr/share/nginx/html/wiki/vendor/flarum/core/src/Frontend/Controller.php(32): Flarum\Frontend\Frontend->document()
#24 /usr/share/nginx/html/wiki/vendor/flarum/core/src/Http/RouteHandlerFactory.php(38): Flarum\Frontend\Controller->handle()
#25 /usr/share/nginx/html/wiki/vendor/flarum/core/src/Http/Middleware/ExecuteRoute.php(27): Flarum\Http\RouteHandlerFactory->Flarum\Http\{closure}()
#26 /usr/share/nginx/html/wiki/vendor/laminas/laminas-stratigility/src/Next.php(61): Flarum\Http\Middleware\ExecuteRoute->process()
#27 /usr/share/nginx/html/wiki/vendor/flarum/core/src/Http/Middleware/ShareErrorsFromSession.php(57): Laminas\Stratigility\Next->handle()
#28 /usr/share/nginx/html/wiki/vendor/laminas/laminas-stratigility/src/Next.php(61): Flarum\Http\Middleware\ShareErrorsFromSession->process()
#29 /usr/share/nginx/html/wiki/vendor/flarum/core/src/Http/Middleware/CheckCsrfToken.php(40): Laminas\Stratigility\Next->handle()
#30 /usr/share/nginx/html/wiki/vendor/laminas/laminas-stratigility/src/Next.php(61): Flarum\Http\Middleware\CheckCsrfToken->process()
#31 /usr/share/nginx/html/wiki/vendor/flarum/core/src/Http/Middleware/ResolveRoute.php(67): Laminas\Stratigility\Next->handle()
#32 /usr/share/nginx/html/wiki/vendor/laminas/laminas-stratigility/src/Next.php(61): Flarum\Http\Middleware\ResolveRoute->process()
#33 /usr/share/nginx/html/wiki/vendor/flarum/core/src/Http/Middleware/SetLocale.php(50): Laminas\Stratigility\Next->handle()
#34 /usr/share/nginx/html/wiki/vendor/laminas/laminas-stratigility/src/Next.php(61): Flarum\Http\Middleware\SetLocale->process()
#35 /usr/share/nginx/html/wiki/vendor/flarum/core/src/Http/Middleware/AuthenticateWithSession.php(32): Laminas\Stratigility\Next->handle()
#36 /usr/share/nginx/html/wiki/vendor/laminas/laminas-stratigility/src/Next.php(61): Flarum\Http\Middleware\AuthenticateWithSession->process()
#37 /usr/share/nginx/html/wiki/vendor/flarum/core/src/Http/Middleware/RememberFromCookie.php(51): Laminas\Stratigility\Next->handle()
#38 /usr/share/nginx/html/wiki/vendor/laminas/laminas-stratigility/src/Next.php(61): Flarum\Http\Middleware\RememberFromCookie->process()
#39 /usr/share/nginx/html/wiki/vendor/flarum/core/src/Http/Middleware/StartSession.php(61): Laminas\Stratigility\Next->handle()
#40 /usr/share/nginx/html/wiki/vendor/laminas/laminas-stratigility/src/Next.php(61): Flarum\Http\Middleware\StartSession->process()
#41 /usr/share/nginx/html/wiki/vendor/flarum/core/src/Http/Middleware/CollectGarbage.php(46): Laminas\Stratigility\Next->handle()
#42 /usr/share/nginx/html/wiki/vendor/laminas/laminas-stratigility/src/Next.php(61): Flarum\Http\Middleware\CollectGarbage->process()
#43 /usr/share/nginx/html/wiki/vendor/flarum/core/src/Http/Middleware/ParseJsonBody.php(28): Laminas\Stratigility\Next->handle()
#44 /usr/share/nginx/html/wiki/vendor/laminas/laminas-stratigility/src/Next.php(61): Flarum\Http\Middleware\ParseJsonBody->process()
#45 /usr/share/nginx/html/wiki/vendor/flarum/core/src/Http/Middleware/HandleErrors.php(57): Laminas\Stratigility\Next->handle()
#46 /usr/share/nginx/html/wiki/vendor/laminas/laminas-stratigility/src/Next.php(61): Flarum\Http\Middleware\HandleErrors->process()
#47 /usr/share/nginx/html/wiki/vendor/laminas/laminas-stratigility/src/MiddlewarePipe.php(84): Laminas\Stratigility\Next->handle()
#48 /usr/share/nginx/html/wiki/vendor/middlewares/request-handler/src/RequestHandler.php(84): Laminas\Stratigility\MiddlewarePipe->process()
#49 /usr/share/nginx/html/wiki/vendor/laminas/laminas-stratigility/src/Next.php(61): Middlewares\RequestHandler->process()
#50 /usr/share/nginx/html/wiki/vendor/middlewares/base-path-router/src/BasePathRouter.php(97): Laminas\Stratigility\Next->handle()
#51 /usr/share/nginx/html/wiki/vendor/laminas/laminas-stratigility/src/Next.php(61): Middlewares\BasePathRouter->process()
#52 /usr/share/nginx/html/wiki/vendor/laminas/laminas-stratigility/src/Middleware/OriginalMessages.php(42): Laminas\Stratigility\Next->handle()
#53 /usr/share/nginx/html/wiki/vendor/laminas/laminas-stratigility/src/Next.php(61): Laminas\Stratigility\Middleware\OriginalMessages->process()
#54 /usr/share/nginx/html/wiki/vendor/middlewares/base-path/src/BasePath.php(53): Laminas\Stratigility\Next->handle()
#55 /usr/share/nginx/html/wiki/vendor/laminas/laminas-stratigility/src/Next.php(61): Middlewares\BasePath->process()
#56 /usr/share/nginx/html/wiki/vendor/laminas/laminas-stratigility/src/MiddlewarePipe.php(84): Laminas\Stratigility\Next->handle()
#57 /usr/share/nginx/html/wiki/vendor/laminas/laminas-stratigility/src/MiddlewarePipe.php(73): Laminas\Stratigility\MiddlewarePipe->process()
#58 /usr/share/nginx/html/wiki/vendor/laminas/laminas-httphandlerrunner/src/RequestHandlerRunner.php(96): Laminas\Stratigility\MiddlewarePipe->handle()
#59 /usr/share/nginx/html/wiki/vendor/flarum/core/src/Http/Server.php(42): Laminas\HttpHandlerRunner\RequestHandlerRunner->run()
#60 /usr/share/nginx/html/wiki/public/index.php(26): Flarum\Http\Server->listen()
#61 {main}  
[2021-03-09 10:32:39] flarum.ERROR: Error: Class 'Renderer_8bcefd196abf5f2933b1d10e235ea648819acfec' not found in /usr/share/nginx/html/wiki/vendor/s9e/text-formatter/src/Configurator/RendererGenerators/PHP.php:137
Stack trace:
#0 /usr/share/nginx/html/wiki/vendor/s9e/text-formatter/src/Configurator/Rendering.php(102): s9e\TextFormatter\Configurator\RendererGenerators\PHP->getRenderer()
#1 /usr/share/nginx/html/wiki/vendor/s9e/text-formatter/src/Configurator.php(243): s9e\TextFormatter\Configurator\Rendering->getRenderer()
#2 /usr/share/nginx/html/wiki/vendor/flarum/core/src/Formatter/Formatter.php(192): s9e\TextFormatter\Configurator->finalize()
#3 /usr/share/nginx/html/wiki/vendor/illuminate/cache/Repository.php(418): Flarum\Formatter\Formatter->Flarum\Formatter\{closure}()
#4 /usr/share/nginx/html/wiki/vendor/flarum/core/src/Formatter/Formatter.php(193): Illuminate\Cache\Repository->rememberForever()
#5 /usr/share/nginx/html/wiki/vendor/flarum/core/src/Formatter/Formatter.php(236): Flarum\Formatter\Formatter->getComponent()
#6 /usr/share/nginx/html/wiki/vendor/flarum/core/src/Forum/ForumServiceProvider.php(105): Flarum\Formatter\Formatter->getJs()
#7 [internal function]: Flarum\Forum\ForumServiceProvider->Flarum\Forum\{closure}()
#8 /usr/share/nginx/html/wiki/vendor/flarum/core/src/Frontend/Compiler/Source/StringSource.php(35): call_user_func()
#9 /usr/share/nginx/html/wiki/vendor/flarum/core/src/Frontend/Compiler/Source/StringSource.php(46): Flarum\Frontend\Compiler\Source\StringSource->getContent()
#10 /usr/share/nginx/html/wiki/vendor/flarum/core/src/Frontend/Compiler/RevisionCompiler.php(239): Flarum\Frontend\Compiler\Source\StringSource->getCacheDifferentiator()
#11 /usr/share/nginx/html/wiki/vendor/flarum/core/src/Frontend/Compiler/RevisionCompiler.php(73): Flarum\Frontend\Compiler\RevisionCompiler->calculateRevision()
#12 /usr/share/nginx/html/wiki/vendor/flarum/core/src/Frontend/Compiler/RevisionCompiler.php(125): Flarum\Frontend\Compiler\RevisionCompiler->commit()
#13 /usr/share/nginx/html/wiki/vendor/flarum/core/src/Frontend/Content/Assets.php(73): Flarum\Frontend\Compiler\RevisionCompiler->getUrl()
#14 [internal function]: Flarum\Frontend\Content\Assets->Flarum\Frontend\Content\{closure}()
#15 /usr/share/nginx/html/wiki/vendor/flarum/core/src/Frontend/Content/Assets.php(72): array_map()
#16 /usr/share/nginx/html/wiki/vendor/flarum/core/src/Frontend/Content/Assets.php(55): Flarum\Frontend\Content\Assets->getUrls()
#17 /usr/share/nginx/html/wiki/vendor/flarum/core/src/Frontend/Frontend.php(63): Flarum\Frontend\Content\Assets->__invoke()
#18 /usr/share/nginx/html/wiki/vendor/flarum/core/src/Frontend/Frontend.php(55): Flarum\Frontend\Frontend->populate()
#19 /usr/share/nginx/html/wiki/vendor/flarum/core/src/Frontend/Controller.php(32): Flarum\Frontend\Frontend->document()
#20 /usr/share/nginx/html/wiki/vendor/flarum/core/src/Http/RouteHandlerFactory.php(38): Flarum\Frontend\Controller->handle()
#21 /usr/share/nginx/html/wiki/vendor/flarum/core/src/Http/Middleware/ExecuteRoute.php(27): Flarum\Http\RouteHandlerFactory->Flarum\Http\{closure}()
#22 /usr/share/nginx/html/wiki/vendor/laminas/laminas-stratigility/src/Next.php(61): Flarum\Http\Middleware\ExecuteRoute->process()
#23 /usr/share/nginx/html/wiki/vendor/flarum/core/src/Http/Middleware/ShareErrorsFromSession.php(57): Laminas\Stratigility\Next->handle()
#24 /usr/share/nginx/html/wiki/vendor/laminas/laminas-stratigility/src/Next.php(61): Flarum\Http\Middleware\ShareErrorsFromSession->process()
#25 /usr/share/nginx/html/wiki/vendor/flarum/core/src/Http/Middleware/CheckCsrfToken.php(40): Laminas\Stratigility\Next->handle()
#26 /usr/share/nginx/html/wiki/vendor/laminas/laminas-stratigility/src/Next.php(61): Flarum\Http\Middleware\CheckCsrfToken->process()
#27 /usr/share/nginx/html/wiki/vendor/flarum/core/src/Http/Middleware/ResolveRoute.php(67): Laminas\Stratigility\Next->handle()
#28 /usr/share/nginx/html/wiki/vendor/laminas/laminas-stratigility/src/Next.php(61): Flarum\Http\Middleware\ResolveRoute->process()
#29 /usr/share/nginx/html/wiki/vendor/flarum/core/src/Http/Middleware/SetLocale.php(50): Laminas\Stratigility\Next->handle()
#30 /usr/share/nginx/html/wiki/vendor/laminas/laminas-stratigility/src/Next.php(61): Flarum\Http\Middleware\SetLocale->process()
#31 /usr/share/nginx/html/wiki/vendor/flarum/core/src/Http/Middleware/AuthenticateWithSession.php(32): Laminas\Stratigility\Next->handle()
#32 /usr/share/nginx/html/wiki/vendor/laminas/laminas-stratigility/src/Next.php(61): Flarum\Http\Middleware\AuthenticateWithSession->process()
#33 /usr/share/nginx/html/wiki/vendor/flarum/core/src/Http/Middleware/RememberFromCookie.php(51): Laminas\Stratigility\Next->handle()
#34 /usr/share/nginx/html/wiki/vendor/laminas/laminas-stratigility/src/Next.php(61): Flarum\Http\Middleware\RememberFromCookie->process()
#35 /usr/share/nginx/html/wiki/vendor/flarum/core/src/Http/Middleware/StartSession.php(61): Laminas\Stratigility\Next->handle()
#36 /usr/share/nginx/html/wiki/vendor/laminas/laminas-stratigility/src/Next.php(61): Flarum\Http\Middleware\StartSession->process()
#37 /usr/share/nginx/html/wiki/vendor/flarum/core/src/Http/Middleware/CollectGarbage.php(46): Laminas\Stratigility\Next->handle()
#38 /usr/share/nginx/html/wiki/vendor/laminas/laminas-stratigility/src/Next.php(61): Flarum\Http\Middleware\CollectGarbage->process()
#39 /usr/share/nginx/html/wiki/vendor/flarum/core/src/Http/Middleware/ParseJsonBody.php(28): Laminas\Stratigility\Next->handle()
#40 /usr/share/nginx/html/wiki/vendor/laminas/laminas-stratigility/src/Next.php(61): Flarum\Http\Middleware\ParseJsonBody->process()
#41 /usr/share/nginx/html/wiki/vendor/flarum/core/src/Http/Middleware/HandleErrors.php(57): Laminas\Stratigility\Next->handle()
#42 /usr/share/nginx/html/wiki/vendor/laminas/laminas-stratigility/src/Next.php(61): Flarum\Http\Middleware\HandleErrors->process()
#43 /usr/share/nginx/html/wiki/vendor/laminas/laminas-stratigility/src/MiddlewarePipe.php(84): Laminas\Stratigility\Next->handle()
#44 /usr/share/nginx/html/wiki/vendor/middlewares/request-handler/src/RequestHandler.php(84): Laminas\Stratigility\MiddlewarePipe->process()
#45 /usr/share/nginx/html/wiki/vendor/laminas/laminas-stratigility/src/Next.php(61): Middlewares\RequestHandler->process()
#46 /usr/share/nginx/html/wiki/vendor/middlewares/base-path-router/src/BasePathRouter.php(97): Laminas\Stratigility\Next->handle()
#47 /usr/share/nginx/html/wiki/vendor/laminas/laminas-stratigility/src/Next.php(61): Middlewares\BasePathRouter->process()
#48 /usr/share/nginx/html/wiki/vendor/laminas/laminas-stratigility/src/Middleware/OriginalMessages.php(42): Laminas\Stratigility\Next->handle()
#49 /usr/share/nginx/html/wiki/vendor/laminas/laminas-stratigility/src/Next.php(61): Laminas\Stratigility\Middleware\OriginalMessages->process()
#50 /usr/share/nginx/html/wiki/vendor/middlewares/base-path/src/BasePath.php(53): Laminas\Stratigility\Next->handle()
#51 /usr/share/nginx/html/wiki/vendor/laminas/laminas-stratigility/src/Next.php(61): Middlewares\BasePath->process()
#52 /usr/share/nginx/html/wiki/vendor/laminas/laminas-stratigility/src/MiddlewarePipe.php(84): Laminas\Stratigility\Next->handle()
#53 /usr/share/nginx/html/wiki/vendor/laminas/laminas-stratigility/src/MiddlewarePipe.php(73): Laminas\Stratigility\MiddlewarePipe->process()
#54 /usr/share/nginx/html/wiki/vendor/laminas/laminas-httphandlerrunner/src/RequestHandlerRunner.php(96): Laminas\Stratigility\MiddlewarePipe->handle()
#55 /usr/share/nginx/html/wiki/vendor/flarum/core/src/Http/Server.php(42): Laminas\HttpHandlerRunner\RequestHandlerRunner->run()
#56 /usr/share/nginx/html/wiki/public/index.php(26): Flarum\Http\Server->listen()
#57 {main}  
[2021-03-09 10:38:54] flarum.ERROR: Error: Class 'Renderer_8bcefd196abf5f2933b1d10e235ea648819acfec' not found in /usr/share/nginx/html/wiki/vendor/s9e/text-formatter/src/Configurator/RendererGenerators/PHP.php:137
Stack trace:
#0 /usr/share/nginx/html/wiki/vendor/s9e/text-formatter/src/Configurator/Rendering.php(102): s9e\TextFormatter\Configurator\RendererGenerators\PHP->getRenderer()
#1 /usr/share/nginx/html/wiki/vendor/s9e/text-formatter/src/Configurator.php(243): s9e\TextFormatter\Configurator\Rendering->getRenderer()
#2 /usr/share/nginx/html/wiki/vendor/flarum/core/src/Formatter/Formatter.php(192): s9e\TextFormatter\Configurator->finalize()
#3 /usr/share/nginx/html/wiki/vendor/illuminate/cache/Repository.php(418): Flarum\Formatter\Formatter->Flarum\Formatter\{closure}()
#4 /usr/share/nginx/html/wiki/vendor/flarum/core/src/Formatter/Formatter.php(193): Illuminate\Cache\Repository->rememberForever()
#5 /usr/share/nginx/html/wiki/vendor/flarum/core/src/Formatter/Formatter.php(236): Flarum\Formatter\Formatter->getComponent()
#6 /usr/share/nginx/html/wiki/vendor/flarum/core/src/Forum/ForumServiceProvider.php(105): Flarum\Formatter\Formatter->getJs()
#7 [internal function]: Flarum\Forum\ForumServiceProvider->Flarum\Forum\{closure}()
#8 /usr/share/nginx/html/wiki/vendor/flarum/core/src/Frontend/Compiler/Source/StringSource.php(35): call_user_func()
#9 /usr/share/nginx/html/wiki/vendor/flarum/core/src/Frontend/Compiler/Source/StringSource.php(46): Flarum\Frontend\Compiler\Source\StringSource->getContent()
#10 /usr/share/nginx/html/wiki/vendor/flarum/core/src/Frontend/Compiler/RevisionCompiler.php(239): Flarum\Frontend\Compiler\Source\StringSource->getCacheDifferentiator()
#11 /usr/share/nginx/html/wiki/vendor/flarum/core/src/Frontend/Compiler/RevisionCompiler.php(73): Flarum\Frontend\Compiler\RevisionCompiler->calculateRevision()
#12 /usr/share/nginx/html/wiki/vendor/flarum/core/src/Frontend/Compiler/RevisionCompiler.php(125): Flarum\Frontend\Compiler\RevisionCompiler->commit()
#13 /usr/share/nginx/html/wiki/vendor/flarum/core/src/Frontend/Content/Assets.php(73): Flarum\Frontend\Compiler\RevisionCompiler->getUrl()
#14 [internal function]: Flarum\Frontend\Content\Assets->Flarum\Frontend\Content\{closure}()
#15 /usr/share/nginx/html/wiki/vendor/flarum/core/src/Frontend/Content/Assets.php(72): array_map()
#16 /usr/share/nginx/html/wiki/vendor/flarum/core/src/Frontend/Content/Assets.php(55): Flarum\Frontend\Content\Assets->getUrls()
#17 /usr/share/nginx/html/wiki/vendor/flarum/core/src/Frontend/Frontend.php(63): Flarum\Frontend\Content\Assets->__invoke()
#18 /usr/share/nginx/html/wiki/vendor/flarum/core/src/Frontend/Frontend.php(55): Flarum\Frontend\Frontend->populate()
#19 /usr/share/nginx/html/wiki/vendor/flarum/core/src/Frontend/Controller.php(32): Flarum\Frontend\Frontend->document()
#20 /usr/share/nginx/html/wiki/vendor/flarum/core/src/Http/RouteHandlerFactory.php(38): Flarum\Frontend\Controller->handle()
#21 /usr/share/nginx/html/wiki/vendor/flarum/core/src/Http/Middleware/ExecuteRoute.php(27): Flarum\Http\RouteHandlerFactory->Flarum\Http\{closure}()
#22 /usr/share/nginx/html/wiki/vendor/laminas/laminas-stratigility/src/Next.php(61): Flarum\Http\Middleware\ExecuteRoute->process()
#23 /usr/share/nginx/html/wiki/vendor/flarum/core/src/Http/Middleware/ShareErrorsFromSession.php(57): Laminas\Stratigility\Next->handle()
#24 /usr/share/nginx/html/wiki/vendor/laminas/laminas-stratigility/src/Next.php(61): Flarum\Http\Middleware\ShareErrorsFromSession->process()
#25 /usr/share/nginx/html/wiki/vendor/flarum/core/src/Http/Middleware/CheckCsrfToken.php(40): Laminas\Stratigility\Next->handle()
#26 /usr/share/nginx/html/wiki/vendor/laminas/laminas-stratigility/src/Next.php(61): Flarum\Http\Middleware\CheckCsrfToken->process()
#27 /usr/share/nginx/html/wiki/vendor/flarum/core/src/Http/Middleware/ResolveRoute.php(67): Laminas\Stratigility\Next->handle()
#28 /usr/share/nginx/html/wiki/vendor/laminas/laminas-stratigility/src/Next.php(61): Flarum\Http\Middleware\ResolveRoute->process()
#29 /usr/share/nginx/html/wiki/vendor/flarum/core/src/Http/Middleware/SetLocale.php(50): Laminas\Stratigility\Next->handle()
#30 /usr/share/nginx/html/wiki/vendor/laminas/laminas-stratigility/src/Next.php(61): Flarum\Http\Middleware\SetLocale->process()
#31 /usr/share/nginx/html/wiki/vendor/flarum/core/src/Http/Middleware/AuthenticateWithSession.php(32): Laminas\Stratigility\Next->handle()
#32 /usr/share/nginx/html/wiki/vendor/laminas/laminas-stratigility/src/Next.php(61): Flarum\Http\Middleware\AuthenticateWithSession->process()
#33 /usr/share/nginx/html/wiki/vendor/flarum/core/src/Http/Middleware/RememberFromCookie.php(51): Laminas\Stratigility\Next->handle()
#34 /usr/share/nginx/html/wiki/vendor/laminas/laminas-stratigility/src/Next.php(61): Flarum\Http\Middleware\RememberFromCookie->process()
#35 /usr/share/nginx/html/wiki/vendor/flarum/core/src/Http/Middleware/StartSession.php(61): Laminas\Stratigility\Next->handle()
#36 /usr/share/nginx/html/wiki/vendor/laminas/laminas-stratigility/src/Next.php(61): Flarum\Http\Middleware\StartSession->process()
#37 /usr/share/nginx/html/wiki/vendor/flarum/core/src/Http/Middleware/CollectGarbage.php(46): Laminas\Stratigility\Next->handle()
#38 /usr/share/nginx/html/wiki/vendor/laminas/laminas-stratigility/src/Next.php(61): Flarum\Http\Middleware\CollectGarbage->process()
#39 /usr/share/nginx/html/wiki/vendor/flarum/core/src/Http/Middleware/ParseJsonBody.php(28): Laminas\Stratigility\Next->handle()
#40 /usr/share/nginx/html/wiki/vendor/laminas/laminas-stratigility/src/Next.php(61): Flarum\Http\Middleware\ParseJsonBody->process()
#41 /usr/share/nginx/html/wiki/vendor/flarum/core/src/Http/Middleware/HandleErrors.php(57): Laminas\Stratigility\Next->handle()
#42 /usr/share/nginx/html/wiki/vendor/laminas/laminas-stratigility/src/Next.php(61): Flarum\Http\Middleware\HandleErrors->process()
#43 /usr/share/nginx/html/wiki/vendor/laminas/laminas-stratigility/src/MiddlewarePipe.php(84): Laminas\Stratigility\Next->handle()
#44 /usr/share/nginx/html/wiki/vendor/middlewares/request-handler/src/RequestHandler.php(84): Laminas\Stratigility\MiddlewarePipe->process()
#45 /usr/share/nginx/html/wiki/vendor/laminas/laminas-stratigility/src/Next.php(61): Middlewares\RequestHandler->process()
#46 /usr/share/nginx/html/wiki/vendor/middlewares/base-path-router/src/BasePathRouter.php(97): Laminas\Stratigility\Next->handle()
#47 /usr/share/nginx/html/wiki/vendor/laminas/laminas-stratigility/src/Next.php(61): Middlewares\BasePathRouter->process()
#48 /usr/share/nginx/html/wiki/vendor/laminas/laminas-stratigility/src/Middleware/OriginalMessages.php(42): Laminas\Stratigility\Next->handle()
#49 /usr/share/nginx/html/wiki/vendor/laminas/laminas-stratigility/src/Next.php(61): Laminas\Stratigility\Middleware\OriginalMessages->process()
#50 /usr/share/nginx/html/wiki/vendor/middlewares/base-path/src/BasePath.php(53): Laminas\Stratigility\Next->handle()
#51 /usr/share/nginx/html/wiki/vendor/laminas/laminas-stratigility/src/Next.php(61): Middlewares\BasePath->process()
#52 /usr/share/nginx/html/wiki/vendor/laminas/laminas-stratigility/src/MiddlewarePipe.php(84): Laminas\Stratigility\Next->handle()
#53 /usr/share/nginx/html/wiki/vendor/laminas/laminas-stratigility/src/MiddlewarePipe.php(73): Laminas\Stratigility\MiddlewarePipe->process()
#54 /usr/share/nginx/html/wiki/vendor/laminas/laminas-httphandlerrunner/src/RequestHandlerRunner.php(96): Laminas\Stratigility\MiddlewarePipe->handle()
#55 /usr/share/nginx/html/wiki/vendor/flarum/core/src/Http/Server.php(42): Laminas\HttpHandlerRunner\RequestHandlerRunner->run()
#56 /usr/share/nginx/html/wiki/public/index.php(26): Flarum\Http\Server->listen()
#57 {main}  
